[0123/140838:INFO:CONSOLE(243)] "null", source: file:///E:/project/github/cptf/demo/AlloyTimer/AlloyTimer-master/js/tomato.js (243)
[0123/140838:INFO:CONSOLE(163)] "[object Object]", source: file:///E:/project/github/cptf/demo/AlloyTimer/AlloyTimer-master/js/tomato.js (163)
[0123/140838:INFO:CONSOLE(98)] "progress:1", source: file:///E:/project/github/cptf/demo/AlloyTimer/AlloyTimer-master/js/tomato.js (98)
[0123/140838:INFO:CONSOLE(101)] "500px", source: file:///E:/project/github/cptf/demo/AlloyTimer/AlloyTimer-master/js/tomato.js (101)
[0123/141315:INFO:CONSOLE(243)] "null", source: file:///E:/project/github/cptf/demo/AlloyTimer/AlloyTimer-master/js/tomato.js (243)
[0123/141315:INFO:CONSOLE(163)] "[object Object]", source: file:///E:/project/github/cptf/demo/AlloyTimer/AlloyTimer-master/js/tomato.js (163)
[0123/141315:INFO:CONSOLE(98)] "progress:1", source: file:///E:/project/github/cptf/demo/AlloyTimer/AlloyTimer-master/js/tomato.js (98)
[0123/141315:INFO:CONSOLE(101)] "500px", source: file:///E:/project/github/cptf/demo/AlloyTimer/AlloyTimer-master/js/tomato.js (101)
[0123/141530:INFO:CONSOLE(243)] "null", source: file:///AlloyTimer-master/js/tomato.js (243)
[0123/141530:INFO:CONSOLE(163)] "[object Object]", source: file:///AlloyTimer-master/js/tomato.js (163)
[0123/141530:INFO:CONSOLE(98)] "progress:1", source: file:///AlloyTimer-master/js/tomato.js (98)
[0123/141530:INFO:CONSOLE(101)] "500px", source: file:///AlloyTimer-master/js/tomato.js (101)
[0428/132847:INFO:CONSOLE(243)] "null", source: file:///AlloyTimer-master/js/tomato.js (243)
[0428/132847:INFO:CONSOLE(163)] "[object Object]", source: file:///AlloyTimer-master/js/tomato.js (163)
[0428/132847:INFO:CONSOLE(98)] "progress:1", source: file:///AlloyTimer-master/js/tomato.js (98)
[0428/132847:INFO:CONSOLE(101)] "500px", source: file:///AlloyTimer-master/js/tomato.js (101)
[0428/132921:INFO:CONSOLE(243)] "null", source: file:///AlloyTimer-master/js/tomato.js (243)
[0428/132921:INFO:CONSOLE(163)] "[object Object]", source: file:///AlloyTimer-master/js/tomato.js (163)
[0428/132921:INFO:CONSOLE(98)] "progress:1", source: file:///AlloyTimer-master/js/tomato.js (98)
[0428/132921:INFO:CONSOLE(101)] "500px", source: file:///AlloyTimer-master/js/tomato.js (101)
